<?xml version="1.0" encoding="UTF-8"?>
<testng-results skipped="0" failed="0" total="1" passed="1">
  <reporter-output>
  </reporter-output>
  <suite name="Tests" duration-ms="102555" started-at="2016-09-11T19:21:47Z" finished-at="2016-09-11T19:23:30Z">
    <groups>
    </groups>
    <test name="MailTest" duration-ms="102555" started-at="2016-09-11T19:21:47Z" finished-at="2016-09-11T19:23:30Z">
      <class name="com.example.SampleTestNgTest">
        <test-method status="PASS" signature="setupSelenium()[pri:0, instance:com.example.SampleTestNgTest@1e67b872]" name="setupSelenium" is-config="true" duration-ms="18007" started-at="2016-09-11T22:21:47Z" finished-at="2016-09-11T22:22:05Z">
          <reporter-output>
          </reporter-output>
        </test-method> <!-- setupSelenium -->
        <test-method status="PASS" signature="MailTest()[pri:0, instance:com.example.SampleTestNgTest@1e67b872]" name="MailTest" duration-ms="77683" started-at="2016-09-11T22:22:05Z" finished-at="2016-09-11T22:23:23Z">
          <reporter-output>
          </reporter-output>
        </test-method> <!-- MailTest -->
        <test-method status="PASS" signature="closeSelenium()[pri:0, instance:com.example.SampleTestNgTest@1e67b872]" name="closeSelenium" is-config="true" duration-ms="6825" started-at="2016-09-11T22:23:23Z" finished-at="2016-09-11T22:23:30Z">
          <reporter-output>
          </reporter-output>
        </test-method> <!-- closeSelenium -->
      </class> <!-- com.example.SampleTestNgTest -->
    </test> <!-- MailTest -->
  </suite> <!-- Tests -->
</testng-results>
